<?xml version="1.0" encoding="UTF-8"?>
<!-- Generated by org.testng.reporters.JUnitXMLReporter -->
<testsuite hostname="Rachna-ThinkBook" ignored="0" name="Surefire test" tests="6" failures="0" timestamp="2020-01-17T17:29:54 CST" time="0.038" errors="0">
  <testcase name="Homeloan" time="0.0" classname="dem.Demo2.TestT1"/>
  <testcase name="PersonalLoan" time="0.0" classname="dem.Demo2.TestT1"/>
  <testcase name="Carlogin" time="0.0" classname="dem.Demo2.TestT2"/>
  <testcase name="Mobilelogin" time="0.0" classname="dem.Demo2.TestT2"/>
  <testcase name="Casestudy" time="0.0" classname="dem.Demo2.TestT3"/>
  <testcase name="Seletest" time="0.0" classname="dem.Demo2.TestT3"/>
</testsuite> <!-- Surefire test -->
