<?xml version="1.0" encoding="UTF-8"?>
<!-- Generated by org.testng.reporters.JUnitXMLReporter -->
<testsuite hostname="Rachna-ThinkBook" ignored="0" name="Test" tests="4" failures="0" timestamp="2020-01-17T19:08:35 CST" time="0.098" errors="0">
  <testcase name="Carlogin" time="0.017" classname="dem.Demo2.TestT2"/>
  <testcase name="Mobilelogin" time="0.0" classname="dem.Demo2.TestT2"/>
  <testcase name="Homeloan" time="0.0" classname="dem.Demo2.TestT1"/>
  <testcase name="PersonalLoan" time="0.0" classname="dem.Demo2.TestT1"/>
</testsuite> <!-- Test -->
